\BOOKMARK [1][-]{section.1}{Introduction}{}% 1
\BOOKMARK [1][-]{section.2}{Environnement Linux Embarqu\351}{}% 2
\BOOKMARK [2][-]{subsection.2.1}{Objectifs}{section.2}% 3
\BOOKMARK [2][-]{subsection.2.2}{Informations pratiques}{section.2}% 4
\BOOKMARK [2][-]{subsection.2.3}{Gravure de la carte SD}{section.2}% 5
\BOOKMARK [2][-]{subsection.2.4}{Mise en place de l'infrastructure}{section.2}% 6
\BOOKMARK [3][-]{subsubsection.2.4.1}{Configuration de la machine virtuelle}{subsection.2.4}% 7
\BOOKMARK [3][-]{subsubsection.2.4.2}{Acc\350s ssh sans mot de passe}{subsection.2.4}% 8
\BOOKMARK [3][-]{subsubsection.2.4.3}{Cr\351ation de l'espace de travail}{subsection.2.4}% 9
\BOOKMARK [2][-]{subsection.2.5}{Debugging de l'application}{section.2}% 10
\BOOKMARK [2][-]{subsection.2.6}{Test des diff\351rents exemples propos\351s}{section.2}% 11
\BOOKMARK [3][-]{subsubsection.2.6.1}{Fibonacci}{subsection.2.6}% 12
\BOOKMARK [3][-]{subsubsection.2.6.2}{Tracing}{subsection.2.6}% 13
\BOOKMARK [3][-]{subsubsection.2.6.3}{Core dumps}{subsection.2.6}% 14
\BOOKMARK [3][-]{subsubsection.2.6.4}{Backtrace}{subsection.2.6}% 15
\BOOKMARK [3][-]{subsubsection.2.6.5}{System calls}{subsection.2.6}% 16
\BOOKMARK [3][-]{subsubsection.2.6.6}{Memory leaks}{subsection.2.6}% 17
\BOOKMARK [2][-]{subsection.2.7}{Mise en production de l'ODROID-XU3}{section.2}% 18
\BOOKMARK [2][-]{subsection.2.8}{R\351ponse aux questions}{section.2}% 19
\BOOKMARK [1][-]{section.3}{Programmation noyau : Module noyau}{}% 20
\BOOKMARK [2][-]{subsection.3.1}{Module noyau}{section.3}% 21
\BOOKMARK [3][-]{subsubsection.3.1.1}{Exercice 1}{subsection.3.1}% 22
\BOOKMARK [3][-]{subsubsection.3.1.2}{Exercice 2}{subsection.3.1}% 23
\BOOKMARK [3][-]{subsubsection.3.1.3}{Exercice 3}{subsection.3.1}% 24
\BOOKMARK [2][-]{subsection.3.2}{Gestion de la m\351moire, biblioth\350ques et fonctions utiles}{section.3}% 25
\BOOKMARK [3][-]{subsubsection.3.2.1}{Exercice 4}{subsection.3.2}% 26
\BOOKMARK [3][-]{subsubsection.3.2.2}{Exercice 5}{subsection.3.2}% 27
\BOOKMARK [2][-]{subsection.3.3}{Acc\350s aux entr\351es/sorties}{section.3}% 28
\BOOKMARK [3][-]{subsubsection.3.3.1}{Exercice 6}{subsection.3.3}% 29
\BOOKMARK [2][-]{subsection.3.4}{Threads du noyau}{section.3}% 30
\BOOKMARK [3][-]{subsubsection.3.4.1}{Exercice 7}{subsection.3.4}% 31
\BOOKMARK [2][-]{subsection.3.5}{Mise en sommeil}{section.3}% 32
\BOOKMARK [3][-]{subsubsection.3.5.1}{Exercice 8}{subsection.3.5}% 33
\BOOKMARK [2][-]{subsection.3.6}{Gestion des interruptions}{section.3}% 34
\BOOKMARK [3][-]{subsubsection.3.6.1}{Exercice 9}{subsection.3.6}% 35
